-------------------------------------------------------------------------------
Test set: OrderCreationTest
-------------------------------------------------------------------------------
Tests run: 4, Failures: 1, Errors: 1, Skipped: 0, Time elapsed: 7.257 s <<< FAILURE! - in OrderCreationTest
makeOrderWithoutAuth(OrderCreationTest)  Time elapsed: 1.642 s  <<< FAILURE!
java.lang.AssertionError: 
1 expectation failed.
Expected status code <403> but was <200>.

	at OrderCreationTest.makeOrderWithoutAuth(OrderCreationTest.java:90)

makeOrder(OrderCreationTest)  Time elapsed: 2.107 s  <<< ERROR!
com.fasterxml.jackson.databind.exc.UnrecognizedPropertyException: 
Unrecognized field "order" (class api.data.SuccessfulOrderCreationData), not marked as ignorable (3 known properties: "success", "orderNumber", "name"])
 at [Source: (String)"{"success":true,"name":"Флюоресцентный бургер","order":{"ingredients":[{"_id":"61c0c5a71d1f82001bdaaa6d","name":"Флюоресцентная булка R2-D3","type":"bun","proteins":44,"fat":26,"carbohydrates":85,"calories":643,"price":988,"image":"https://code.s3.yandex.net/react/code/bun-01.png","image_mobile":"https://code.s3.yandex.net/react/code/bun-01-mobile.png","image_large":"https://code.s3.yandex.net/react/code/bun-01-large.png","__v":0}],"_id":"62a8f2da93ebc2001b491ffe","owner":{"name":"JXelOeTy","ema"[truncated 255 chars]; line: 1, column: 57] (through reference chain: api.data.SuccessfulOrderCreationData["order"])
	at OrderCreationTest.makeOrder(OrderCreationTest.java:66)

