-------------------------------------------------------------------------------
Test set: UserLoginTest
-------------------------------------------------------------------------------
Tests run: 5, Failures: 1, Errors: 0, Skipped: 0, Time elapsed: 6.225 s <<< FAILURE! - in UserLoginTest
successfulLogin(UserLoginTest)  Time elapsed: 1.217 s  <<< FAILURE!
java.lang.AssertionError: 
1 expectation failed.
Expected status code <200> but was <429>.

	at UserLoginTest.successfulLogin(UserLoginTest.java:55)

